<?xml version="1.0" encoding="UTF-8"?>
<!-- Generated by org.testng.reporters.JUnitReportReporter -->
<testsuite hostname="LAPTOP-TLOU6EPA" failures="0" tests="2" name="Tests.AllTest" time="6.878" errors="0" timestamp="2024-03-15T19:50:34 IST" skipped="0">
  <testcase classname="Tests.AllTest" name="addProduct" time="6.651"/>
  <testcase classname="Tests.AllTest" name="addtoCart" time="0.227"/>
</testsuite> <!-- Tests.AllTest -->
